2024-03-12 09:51:40.232 [restartedMain] [34mINFO [0;39m c.t.urbanvoice.UrbanVoiceApplication - [36morg.springframework.boot.StartupInfoLogger.logStarting(50)[0;39m - Starting UrbanVoiceApplication using Java 17.0.10 with PID 9336 (C:\Users\krithic_raj\Desktop\Gowsik Location\mapp\UrbanVoice\target\classes started by krithic_raj in C:\Users\krithic_raj\Desktop\Gowsik Location\mapp)
2024-03-12 09:51:40.331 [restartedMain] [39mDEBUG[0;39m c.t.urbanvoice.UrbanVoiceApplication - [36morg.springframework.boot.StartupInfoLogger.logStarting(51)[0;39m - Running with Spring Boot v3.2.0, Spring v6.1.1
2024-03-12 09:51:40.392 [restartedMain] [34mINFO [0;39m c.t.urbanvoice.UrbanVoiceApplication - [36morg.springframework.boot.SpringApplication.logStartupProfileInfo(653)[0;39m - No active profile set, falling back to 1 default profile: "default"
2024-03-12 09:52:17.632 [restartedMain] [34mINFO [0;39m c.t.u.configuration.SecurityConfig - [36mcom.team2.urbanvoice.configuration.SecurityConfig.configure(63)[0;39m - Configuring Authentication Manager !
2024-03-12 09:52:17.671 [restartedMain] [34mINFO [0;39m c.t.u.configuration.SecurityConfig - [36mcom.team2.urbanvoice.configuration.SecurityConfig.passwordEncoder(56)[0;39m - Encrypting password using BCrypt Encoder !
2024-03-12 09:52:17.671 [restartedMain] [34mINFO [0;39m c.t.u.configuration.SecurityConfig - [36mcom.team2.urbanvoice.configuration.SecurityConfig.configure(65)[0;39m - Authentication Manager Configured Successfully !
2024-03-12 09:52:18.039 [restartedMain] [34mINFO [0;39m c.t.u.configuration.SecurityConfig - [36mcom.team2.urbanvoice.configuration.SecurityConfig.passwordEncoder(56)[0;39m - Encrypting password using BCrypt Encoder !
2024-03-12 09:52:18.591 [restartedMain] [34mINFO [0;39m c.t.u.configuration.SecurityConfig - [36mcom.team2.urbanvoice.configuration.SecurityConfig.securityFilterChain(31)[0;39m - Configuring Security for the Application !
2024-03-12 09:52:18.878 [restartedMain] [34mINFO [0;39m c.t.u.configuration.SecurityConfig - [36mcom.team2.urbanvoice.configuration.SecurityConfig.securityFilterChain(50)[0;39m - Application Security Configured Successfully !
2024-03-12 09:52:19.717 [restartedMain] [34mINFO [0;39m c.t.urbanvoice.UrbanVoiceApplication - [36morg.springframework.boot.StartupInfoLogger.logStarted(56)[0;39m - Started UrbanVoiceApplication in 40.385 seconds (process running for 41.175)
2024-03-12 10:17:51.174 [http-nio-9006-exec-8] [39mDEBUG[0;39m c.t.u.serviceimpl.UserServiceImpl - [36mcom.team2.urbanvoice.serviceimpl.UserServiceImpl.countUsers(70)[0;39m - Counting total number of Users Registered !
2024-03-12 10:17:51.857 [http-nio-9006-exec-8] [39mDEBUG[0;39m c.t.u.s.ComplaintServiceImpl - [36mcom.team2.urbanvoice.serviceimpl.ComplaintServiceImpl.countComplaints(101)[0;39m - Counting total number of Complaints Registered !
2024-03-12 10:35:09.449 [http-nio-9006-exec-2] [39mDEBUG[0;39m c.t.u.serviceimpl.UserServiceImpl - [36mcom.team2.urbanvoice.serviceimpl.UserServiceImpl.countUsers(70)[0;39m - Counting total number of Users Registered !
2024-03-12 10:35:09.774 [http-nio-9006-exec-2] [39mDEBUG[0;39m c.t.u.s.ComplaintServiceImpl - [36mcom.team2.urbanvoice.serviceimpl.ComplaintServiceImpl.countComplaints(101)[0;39m - Counting total number of Complaints Registered !
2024-03-12 10:35:25.981 [http-nio-9006-exec-8] [39mDEBUG[0;39m c.t.u.serviceimpl.UserServiceImpl - [36mcom.team2.urbanvoice.serviceimpl.UserServiceImpl.countUsers(70)[0;39m - Counting total number of Users Registered !
2024-03-12 10:35:26.002 [http-nio-9006-exec-8] [39mDEBUG[0;39m c.t.u.s.ComplaintServiceImpl - [36mcom.team2.urbanvoice.serviceimpl.ComplaintServiceImpl.countComplaints(101)[0;39m - Counting total number of Complaints Registered !
2024-03-12 10:37:25.414 [http-nio-9006-exec-5] [39mDEBUG[0;39m c.t.u.serviceimpl.UserServiceImpl - [36mcom.team2.urbanvoice.serviceimpl.UserServiceImpl.countUsers(70)[0;39m - Counting total number of Users Registered !
2024-03-12 10:37:25.424 [http-nio-9006-exec-5] [39mDEBUG[0;39m c.t.u.s.ComplaintServiceImpl - [36mcom.team2.urbanvoice.serviceimpl.ComplaintServiceImpl.countComplaints(101)[0;39m - Counting total number of Complaints Registered !
2024-03-12 10:40:17.090 [http-nio-9006-exec-4] [39mDEBUG[0;39m c.t.u.serviceimpl.UserServiceImpl - [36mcom.team2.urbanvoice.serviceimpl.UserServiceImpl.countUsers(70)[0;39m - Counting total number of Users Registered !
2024-03-12 10:40:17.106 [http-nio-9006-exec-4] [39mDEBUG[0;39m c.t.u.s.ComplaintServiceImpl - [36mcom.team2.urbanvoice.serviceimpl.ComplaintServiceImpl.countComplaints(101)[0;39m - Counting total number of Complaints Registered !
2024-03-12 10:44:43.291 [http-nio-9006-exec-3] [39mDEBUG[0;39m c.t.u.serviceimpl.UserServiceImpl - [36mcom.team2.urbanvoice.serviceimpl.UserServiceImpl.countUsers(70)[0;39m - Counting total number of Users Registered !
2024-03-12 10:44:43.295 [http-nio-9006-exec-3] [39mDEBUG[0;39m c.t.u.s.ComplaintServiceImpl - [36mcom.team2.urbanvoice.serviceimpl.ComplaintServiceImpl.countComplaints(101)[0;39m - Counting total number of Complaints Registered !
2024-03-12 10:45:28.746 [http-nio-9006-exec-2] [39mDEBUG[0;39m c.t.u.serviceimpl.UserServiceImpl - [36mcom.team2.urbanvoice.serviceimpl.UserServiceImpl.countUsers(70)[0;39m - Counting total number of Users Registered !
2024-03-12 10:45:28.757 [http-nio-9006-exec-2] [39mDEBUG[0;39m c.t.u.s.ComplaintServiceImpl - [36mcom.team2.urbanvoice.serviceimpl.ComplaintServiceImpl.countComplaints(101)[0;39m - Counting total number of Complaints Registered !
2024-03-12 10:46:45.047 [http-nio-9006-exec-7] [39mDEBUG[0;39m c.t.u.serviceimpl.UserServiceImpl - [36mcom.team2.urbanvoice.serviceimpl.UserServiceImpl.countUsers(70)[0;39m - Counting total number of Users Registered !
2024-03-12 10:46:45.058 [http-nio-9006-exec-7] [39mDEBUG[0;39m c.t.u.s.ComplaintServiceImpl - [36mcom.team2.urbanvoice.serviceimpl.ComplaintServiceImpl.countComplaints(101)[0;39m - Counting total number of Complaints Registered !
2024-03-12 10:47:26.305 [http-nio-9006-exec-4] [39mDEBUG[0;39m c.t.u.serviceimpl.UserServiceImpl - [36mcom.team2.urbanvoice.serviceimpl.UserServiceImpl.countUsers(70)[0;39m - Counting total number of Users Registered !
2024-03-12 10:47:26.312 [http-nio-9006-exec-4] [39mDEBUG[0;39m c.t.u.s.ComplaintServiceImpl - [36mcom.team2.urbanvoice.serviceimpl.ComplaintServiceImpl.countComplaints(101)[0;39m - Counting total number of Complaints Registered !
2024-03-12 10:50:32.842 [http-nio-9006-exec-5] [39mDEBUG[0;39m c.t.u.serviceimpl.UserServiceImpl - [36mcom.team2.urbanvoice.serviceimpl.UserServiceImpl.countUsers(70)[0;39m - Counting total number of Users Registered !
2024-03-12 10:50:32.872 [http-nio-9006-exec-5] [39mDEBUG[0;39m c.t.u.s.ComplaintServiceImpl - [36mcom.team2.urbanvoice.serviceimpl.ComplaintServiceImpl.countComplaints(101)[0;39m - Counting total number of Complaints Registered !
2024-03-12 10:55:25.129 [http-nio-9006-exec-5] [39mDEBUG[0;39m c.t.u.serviceimpl.UserServiceImpl - [36mcom.team2.urbanvoice.serviceimpl.UserServiceImpl.countUsers(70)[0;39m - Counting total number of Users Registered !
2024-03-12 10:55:25.235 [http-nio-9006-exec-5] [39mDEBUG[0;39m c.t.u.s.ComplaintServiceImpl - [36mcom.team2.urbanvoice.serviceimpl.ComplaintServiceImpl.countComplaints(101)[0;39m - Counting total number of Complaints Registered !
2024-03-12 10:57:48.370 [http-nio-9006-exec-6] [39mDEBUG[0;39m c.t.u.serviceimpl.UserServiceImpl - [36mcom.team2.urbanvoice.serviceimpl.UserServiceImpl.countUsers(70)[0;39m - Counting total number of Users Registered !
2024-03-12 10:57:48.371 [http-nio-9006-exec-6] [39mDEBUG[0;39m c.t.u.s.ComplaintServiceImpl - [36mcom.team2.urbanvoice.serviceimpl.ComplaintServiceImpl.countComplaints(101)[0;39m - Counting total number of Complaints Registered !
2024-03-12 10:58:36.603 [http-nio-9006-exec-1] [39mDEBUG[0;39m c.t.u.serviceimpl.UserServiceImpl - [36mcom.team2.urbanvoice.serviceimpl.UserServiceImpl.countUsers(70)[0;39m - Counting total number of Users Registered !
2024-03-12 10:58:36.619 [http-nio-9006-exec-1] [39mDEBUG[0;39m c.t.u.s.ComplaintServiceImpl - [36mcom.team2.urbanvoice.serviceimpl.ComplaintServiceImpl.countComplaints(101)[0;39m - Counting total number of Complaints Registered !
2024-03-12 11:02:06.792 [http-nio-9006-exec-2] [39mDEBUG[0;39m c.t.u.serviceimpl.UserServiceImpl - [36mcom.team2.urbanvoice.serviceimpl.UserServiceImpl.countUsers(70)[0;39m - Counting total number of Users Registered !
2024-03-12 11:02:06.801 [http-nio-9006-exec-2] [39mDEBUG[0;39m c.t.u.s.ComplaintServiceImpl - [36mcom.team2.urbanvoice.serviceimpl.ComplaintServiceImpl.countComplaints(101)[0;39m - Counting total number of Complaints Registered !
2024-03-12 11:02:19.055 [http-nio-9006-exec-8] [39mDEBUG[0;39m c.t.u.serviceimpl.UserServiceImpl - [36mcom.team2.urbanvoice.serviceimpl.UserServiceImpl.countUsers(70)[0;39m - Counting total number of Users Registered !
2024-03-12 11:02:19.063 [http-nio-9006-exec-8] [39mDEBUG[0;39m c.t.u.s.ComplaintServiceImpl - [36mcom.team2.urbanvoice.serviceimpl.ComplaintServiceImpl.countComplaints(101)[0;39m - Counting total number of Complaints Registered !
2024-03-12 11:02:25.523 [http-nio-9006-exec-6] [39mDEBUG[0;39m c.t.u.serviceimpl.UserServiceImpl - [36mcom.team2.urbanvoice.serviceimpl.UserServiceImpl.countUsers(70)[0;39m - Counting total number of Users Registered !
2024-03-12 11:02:25.529 [http-nio-9006-exec-6] [39mDEBUG[0;39m c.t.u.s.ComplaintServiceImpl - [36mcom.team2.urbanvoice.serviceimpl.ComplaintServiceImpl.countComplaints(101)[0;39m - Counting total number of Complaints Registered !
2024-03-12 11:02:40.389 [http-nio-9006-exec-1] [39mDEBUG[0;39m c.t.u.serviceimpl.UserServiceImpl - [36mcom.team2.urbanvoice.serviceimpl.UserServiceImpl.countUsers(70)[0;39m - Counting total number of Users Registered !
2024-03-12 11:02:40.394 [http-nio-9006-exec-1] [39mDEBUG[0;39m c.t.u.s.ComplaintServiceImpl - [36mcom.team2.urbanvoice.serviceimpl.ComplaintServiceImpl.countComplaints(101)[0;39m - Counting total number of Complaints Registered !
2024-03-12 11:02:47.649 [http-nio-9006-exec-7] [39mDEBUG[0;39m c.t.u.serviceimpl.UserServiceImpl - [36mcom.team2.urbanvoice.serviceimpl.UserServiceImpl.countUsers(70)[0;39m - Counting total number of Users Registered !
2024-03-12 11:02:47.657 [http-nio-9006-exec-7] [39mDEBUG[0;39m c.t.u.s.ComplaintServiceImpl - [36mcom.team2.urbanvoice.serviceimpl.ComplaintServiceImpl.countComplaints(101)[0;39m - Counting total number of Complaints Registered !
2024-03-12 11:03:17.979 [http-nio-9006-exec-4] [39mDEBUG[0;39m c.t.u.serviceimpl.UserServiceImpl - [36mcom.team2.urbanvoice.serviceimpl.UserServiceImpl.countUsers(70)[0;39m - Counting total number of Users Registered !
2024-03-12 11:03:17.994 [http-nio-9006-exec-4] [39mDEBUG[0;39m c.t.u.s.ComplaintServiceImpl - [36mcom.team2.urbanvoice.serviceimpl.ComplaintServiceImpl.countComplaints(101)[0;39m - Counting total number of Complaints Registered !
2024-03-12 11:03:24.194 [http-nio-9006-exec-3] [39mDEBUG[0;39m c.t.u.serviceimpl.UserServiceImpl - [36mcom.team2.urbanvoice.serviceimpl.UserServiceImpl.countUsers(70)[0;39m - Counting total number of Users Registered !
2024-03-12 11:03:24.200 [http-nio-9006-exec-3] [39mDEBUG[0;39m c.t.u.s.ComplaintServiceImpl - [36mcom.team2.urbanvoice.serviceimpl.ComplaintServiceImpl.countComplaints(101)[0;39m - Counting total number of Complaints Registered !
2024-03-12 11:03:30.689 [http-nio-9006-exec-9] [39mDEBUG[0;39m c.t.u.serviceimpl.UserServiceImpl - [36mcom.team2.urbanvoice.serviceimpl.UserServiceImpl.countUsers(70)[0;39m - Counting total number of Users Registered !
2024-03-12 11:03:30.695 [http-nio-9006-exec-9] [39mDEBUG[0;39m c.t.u.s.ComplaintServiceImpl - [36mcom.team2.urbanvoice.serviceimpl.ComplaintServiceImpl.countComplaints(101)[0;39m - Counting total number of Complaints Registered !
2024-03-12 11:04:14.161 [http-nio-9006-exec-5] [39mDEBUG[0;39m c.t.u.serviceimpl.UserServiceImpl - [36mcom.team2.urbanvoice.serviceimpl.UserServiceImpl.countUsers(70)[0;39m - Counting total number of Users Registered !
2024-03-12 11:04:14.177 [http-nio-9006-exec-5] [39mDEBUG[0;39m c.t.u.s.ComplaintServiceImpl - [36mcom.team2.urbanvoice.serviceimpl.ComplaintServiceImpl.countComplaints(101)[0;39m - Counting total number of Complaints Registered !
2024-03-12 11:05:21.516 [http-nio-9006-exec-4] [39mDEBUG[0;39m c.t.u.serviceimpl.UserServiceImpl - [36mcom.team2.urbanvoice.serviceimpl.UserServiceImpl.countUsers(70)[0;39m - Counting total number of Users Registered !
2024-03-12 11:05:21.519 [http-nio-9006-exec-4] [39mDEBUG[0;39m c.t.u.s.ComplaintServiceImpl - [36mcom.team2.urbanvoice.serviceimpl.ComplaintServiceImpl.countComplaints(101)[0;39m - Counting total number of Complaints Registered !
2024-03-12 11:05:56.118 [http-nio-9006-exec-3] [39mDEBUG[0;39m c.t.u.serviceimpl.UserServiceImpl - [36mcom.team2.urbanvoice.serviceimpl.UserServiceImpl.countUsers(70)[0;39m - Counting total number of Users Registered !
2024-03-12 11:05:56.118 [http-nio-9006-exec-3] [39mDEBUG[0;39m c.t.u.s.ComplaintServiceImpl - [36mcom.team2.urbanvoice.serviceimpl.ComplaintServiceImpl.countComplaints(101)[0;39m - Counting total number of Complaints Registered !
2024-03-12 11:07:25.687 [http-nio-9006-exec-3] [39mDEBUG[0;39m c.t.u.serviceimpl.UserServiceImpl - [36mcom.team2.urbanvoice.serviceimpl.UserServiceImpl.countUsers(70)[0;39m - Counting total number of Users Registered !
2024-03-12 11:07:25.696 [http-nio-9006-exec-3] [39mDEBUG[0;39m c.t.u.s.ComplaintServiceImpl - [36mcom.team2.urbanvoice.serviceimpl.ComplaintServiceImpl.countComplaints(101)[0;39m - Counting total number of Complaints Registered !
2024-03-12 11:09:52.389 [http-nio-9006-exec-1] [39mDEBUG[0;39m c.t.u.serviceimpl.UserServiceImpl - [36mcom.team2.urbanvoice.serviceimpl.UserServiceImpl.countUsers(70)[0;39m - Counting total number of Users Registered !
2024-03-12 11:09:52.398 [http-nio-9006-exec-1] [39mDEBUG[0;39m c.t.u.s.ComplaintServiceImpl - [36mcom.team2.urbanvoice.serviceimpl.ComplaintServiceImpl.countComplaints(101)[0;39m - Counting total number of Complaints Registered !
2024-03-12 11:10:00.828 [http-nio-9006-exec-8] [39mDEBUG[0;39m c.t.u.serviceimpl.UserServiceImpl - [36mcom.team2.urbanvoice.serviceimpl.UserServiceImpl.countUsers(70)[0;39m - Counting total number of Users Registered !
2024-03-12 11:10:00.844 [http-nio-9006-exec-8] [39mDEBUG[0;39m c.t.u.s.ComplaintServiceImpl - [36mcom.team2.urbanvoice.serviceimpl.ComplaintServiceImpl.countComplaints(101)[0;39m - Counting total number of Complaints Registered !
2024-03-12 11:10:24.578 [http-nio-9006-exec-10] [39mDEBUG[0;39m c.t.u.serviceimpl.UserServiceImpl - [36mcom.team2.urbanvoice.serviceimpl.UserServiceImpl.countUsers(70)[0;39m - Counting total number of Users Registered !
2024-03-12 11:10:24.578 [http-nio-9006-exec-10] [39mDEBUG[0;39m c.t.u.s.ComplaintServiceImpl - [36mcom.team2.urbanvoice.serviceimpl.ComplaintServiceImpl.countComplaints(101)[0;39m - Counting total number of Complaints Registered !
2024-03-12 11:11:04.390 [http-nio-9006-exec-3] [39mDEBUG[0;39m c.t.u.serviceimpl.UserServiceImpl - [36mcom.team2.urbanvoice.serviceimpl.UserServiceImpl.countUsers(70)[0;39m - Counting total number of Users Registered !
2024-03-12 11:11:04.398 [http-nio-9006-exec-3] [39mDEBUG[0;39m c.t.u.s.ComplaintServiceImpl - [36mcom.team2.urbanvoice.serviceimpl.ComplaintServiceImpl.countComplaints(101)[0;39m - Counting total number of Complaints Registered !
2024-03-12 11:13:54.659 [http-nio-9006-exec-3] [39mDEBUG[0;39m c.t.u.serviceimpl.UserServiceImpl - [36mcom.team2.urbanvoice.serviceimpl.UserServiceImpl.countUsers(70)[0;39m - Counting total number of Users Registered !
2024-03-12 11:13:54.667 [http-nio-9006-exec-3] [39mDEBUG[0;39m c.t.u.s.ComplaintServiceImpl - [36mcom.team2.urbanvoice.serviceimpl.ComplaintServiceImpl.countComplaints(101)[0;39m - Counting total number of Complaints Registered !
2024-03-12 11:19:25.563 [http-nio-9006-exec-10] [39mDEBUG[0;39m c.t.u.serviceimpl.UserServiceImpl - [36mcom.team2.urbanvoice.serviceimpl.UserServiceImpl.countUsers(70)[0;39m - Counting total number of Users Registered !
2024-03-12 11:19:25.571 [http-nio-9006-exec-10] [39mDEBUG[0;39m c.t.u.s.ComplaintServiceImpl - [36mcom.team2.urbanvoice.serviceimpl.ComplaintServiceImpl.countComplaints(101)[0;39m - Counting total number of Complaints Registered !
2024-03-12 11:20:10.411 [http-nio-9006-exec-1] [39mDEBUG[0;39m c.t.u.serviceimpl.UserServiceImpl - [36mcom.team2.urbanvoice.serviceimpl.UserServiceImpl.countUsers(70)[0;39m - Counting total number of Users Registered !
2024-03-12 11:20:10.428 [http-nio-9006-exec-1] [39mDEBUG[0;39m c.t.u.s.ComplaintServiceImpl - [36mcom.team2.urbanvoice.serviceimpl.ComplaintServiceImpl.countComplaints(101)[0;39m - Counting total number of Complaints Registered !
2024-03-12 11:31:10.967 [http-nio-9006-exec-7] [39mDEBUG[0;39m c.t.u.serviceimpl.UserServiceImpl - [36mcom.team2.urbanvoice.serviceimpl.UserServiceImpl.countUsers(70)[0;39m - Counting total number of Users Registered !
2024-03-12 11:31:10.991 [http-nio-9006-exec-7] [39mDEBUG[0;39m c.t.u.s.ComplaintServiceImpl - [36mcom.team2.urbanvoice.serviceimpl.ComplaintServiceImpl.countComplaints(101)[0;39m - Counting total number of Complaints Registered !
2024-03-12 11:31:28.682 [http-nio-9006-exec-4] [39mDEBUG[0;39m c.t.u.serviceimpl.UserServiceImpl - [36mcom.team2.urbanvoice.serviceimpl.UserServiceImpl.countUsers(70)[0;39m - Counting total number of Users Registered !
2024-03-12 11:31:28.682 [http-nio-9006-exec-4] [39mDEBUG[0;39m c.t.u.s.ComplaintServiceImpl - [36mcom.team2.urbanvoice.serviceimpl.ComplaintServiceImpl.countComplaints(101)[0;39m - Counting total number of Complaints Registered !
2024-03-12 11:35:43.904 [http-nio-9006-exec-4] [39mDEBUG[0;39m c.t.u.serviceimpl.UserServiceImpl - [36mcom.team2.urbanvoice.serviceimpl.UserServiceImpl.countUsers(70)[0;39m - Counting total number of Users Registered !
2024-03-12 11:35:43.911 [http-nio-9006-exec-4] [39mDEBUG[0;39m c.t.u.s.ComplaintServiceImpl - [36mcom.team2.urbanvoice.serviceimpl.ComplaintServiceImpl.countComplaints(101)[0;39m - Counting total number of Complaints Registered !
2024-03-12 11:36:56.127 [http-nio-9006-exec-4] [39mDEBUG[0;39m c.t.u.serviceimpl.UserServiceImpl - [36mcom.team2.urbanvoice.serviceimpl.UserServiceImpl.countUsers(70)[0;39m - Counting total number of Users Registered !
2024-03-12 11:36:56.137 [http-nio-9006-exec-4] [39mDEBUG[0;39m c.t.u.s.ComplaintServiceImpl - [36mcom.team2.urbanvoice.serviceimpl.ComplaintServiceImpl.countComplaints(101)[0;39m - Counting total number of Complaints Registered !
2024-03-12 11:37:40.333 [http-nio-9006-exec-8] [39mDEBUG[0;39m c.t.u.serviceimpl.UserServiceImpl - [36mcom.team2.urbanvoice.serviceimpl.UserServiceImpl.countUsers(70)[0;39m - Counting total number of Users Registered !
2024-03-12 11:37:40.340 [http-nio-9006-exec-8] [39mDEBUG[0;39m c.t.u.s.ComplaintServiceImpl - [36mcom.team2.urbanvoice.serviceimpl.ComplaintServiceImpl.countComplaints(101)[0;39m - Counting total number of Complaints Registered !
2024-03-12 11:37:52.098 [http-nio-9006-exec-1] [39mDEBUG[0;39m c.t.u.serviceimpl.UserServiceImpl - [36mcom.team2.urbanvoice.serviceimpl.UserServiceImpl.countUsers(70)[0;39m - Counting total number of Users Registered !
2024-03-12 11:37:52.098 [http-nio-9006-exec-1] [39mDEBUG[0;39m c.t.u.s.ComplaintServiceImpl - [36mcom.team2.urbanvoice.serviceimpl.ComplaintServiceImpl.countComplaints(101)[0;39m - Counting total number of Complaints Registered !
2024-03-12 11:38:07.735 [http-nio-9006-exec-6] [39mDEBUG[0;39m c.t.u.serviceimpl.UserServiceImpl - [36mcom.team2.urbanvoice.serviceimpl.UserServiceImpl.countUsers(70)[0;39m - Counting total number of Users Registered !
2024-03-12 11:38:07.742 [http-nio-9006-exec-6] [39mDEBUG[0;39m c.t.u.s.ComplaintServiceImpl - [36mcom.team2.urbanvoice.serviceimpl.ComplaintServiceImpl.countComplaints(101)[0;39m - Counting total number of Complaints Registered !
2024-03-12 11:38:12.068 [http-nio-9006-exec-8] [39mDEBUG[0;39m c.t.u.serviceimpl.UserServiceImpl - [36mcom.team2.urbanvoice.serviceimpl.UserServiceImpl.countUsers(70)[0;39m - Counting total number of Users Registered !
2024-03-12 11:38:12.074 [http-nio-9006-exec-8] [39mDEBUG[0;39m c.t.u.s.ComplaintServiceImpl - [36mcom.team2.urbanvoice.serviceimpl.ComplaintServiceImpl.countComplaints(101)[0;39m - Counting total number of Complaints Registered !
2024-03-12 11:38:15.664 [http-nio-9006-exec-4] [39mDEBUG[0;39m c.t.u.serviceimpl.UserServiceImpl - [36mcom.team2.urbanvoice.serviceimpl.UserServiceImpl.countUsers(70)[0;39m - Counting total number of Users Registered !
2024-03-12 11:38:15.664 [http-nio-9006-exec-4] [39mDEBUG[0;39m c.t.u.s.ComplaintServiceImpl - [36mcom.team2.urbanvoice.serviceimpl.ComplaintServiceImpl.countComplaints(101)[0;39m - Counting total number of Complaints Registered !
2024-03-12 11:38:19.567 [http-nio-9006-exec-8] [39mDEBUG[0;39m c.t.u.serviceimpl.UserServiceImpl - [36mcom.team2.urbanvoice.serviceimpl.UserServiceImpl.countUsers(70)[0;39m - Counting total number of Users Registered !
2024-03-12 11:38:19.571 [http-nio-9006-exec-8] [39mDEBUG[0;39m c.t.u.s.ComplaintServiceImpl - [36mcom.team2.urbanvoice.serviceimpl.ComplaintServiceImpl.countComplaints(101)[0;39m - Counting total number of Complaints Registered !
2024-03-12 11:39:45.433 [http-nio-9006-exec-5] [39mDEBUG[0;39m c.t.u.serviceimpl.UserServiceImpl - [36mcom.team2.urbanvoice.serviceimpl.UserServiceImpl.countUsers(70)[0;39m - Counting total number of Users Registered !
2024-03-12 11:39:45.450 [http-nio-9006-exec-5] [39mDEBUG[0;39m c.t.u.s.ComplaintServiceImpl - [36mcom.team2.urbanvoice.serviceimpl.ComplaintServiceImpl.countComplaints(101)[0;39m - Counting total number of Complaints Registered !
2024-03-12 11:40:13.753 [http-nio-9006-exec-2] [39mDEBUG[0;39m c.t.u.serviceimpl.UserServiceImpl - [36mcom.team2.urbanvoice.serviceimpl.UserServiceImpl.countUsers(70)[0;39m - Counting total number of Users Registered !
2024-03-12 11:40:13.758 [http-nio-9006-exec-2] [39mDEBUG[0;39m c.t.u.s.ComplaintServiceImpl - [36mcom.team2.urbanvoice.serviceimpl.ComplaintServiceImpl.countComplaints(101)[0;39m - Counting total number of Complaints Registered !
2024-03-12 11:40:53.689 [http-nio-9006-exec-8] [39mDEBUG[0;39m c.t.u.serviceimpl.UserServiceImpl - [36mcom.team2.urbanvoice.serviceimpl.UserServiceImpl.countUsers(70)[0;39m - Counting total number of Users Registered !
2024-03-12 11:40:53.705 [http-nio-9006-exec-8] [39mDEBUG[0;39m c.t.u.s.ComplaintServiceImpl - [36mcom.team2.urbanvoice.serviceimpl.ComplaintServiceImpl.countComplaints(101)[0;39m - Counting total number of Complaints Registered !
2024-03-12 11:42:23.478 [http-nio-9006-exec-6] [39mDEBUG[0;39m c.t.u.serviceimpl.UserServiceImpl - [36mcom.team2.urbanvoice.serviceimpl.UserServiceImpl.countUsers(70)[0;39m - Counting total number of Users Registered !
2024-03-12 11:42:23.483 [http-nio-9006-exec-6] [39mDEBUG[0;39m c.t.u.s.ComplaintServiceImpl - [36mcom.team2.urbanvoice.serviceimpl.ComplaintServiceImpl.countComplaints(101)[0;39m - Counting total number of Complaints Registered !
2024-03-12 11:43:36.977 [http-nio-9006-exec-2] [39mDEBUG[0;39m c.t.u.serviceimpl.UserServiceImpl - [36mcom.team2.urbanvoice.serviceimpl.UserServiceImpl.countUsers(70)[0;39m - Counting total number of Users Registered !
2024-03-12 11:43:36.992 [http-nio-9006-exec-2] [39mDEBUG[0;39m c.t.u.s.ComplaintServiceImpl - [36mcom.team2.urbanvoice.serviceimpl.ComplaintServiceImpl.countComplaints(101)[0;39m - Counting total number of Complaints Registered !
2024-03-12 11:43:43.991 [http-nio-9006-exec-9] [39mDEBUG[0;39m c.t.u.serviceimpl.UserServiceImpl - [36mcom.team2.urbanvoice.serviceimpl.UserServiceImpl.countUsers(70)[0;39m - Counting total number of Users Registered !
2024-03-12 11:43:43.997 [http-nio-9006-exec-9] [39mDEBUG[0;39m c.t.u.s.ComplaintServiceImpl - [36mcom.team2.urbanvoice.serviceimpl.ComplaintServiceImpl.countComplaints(101)[0;39m - Counting total number of Complaints Registered !
2024-03-12 11:43:45.085 [http-nio-9006-exec-4] [39mDEBUG[0;39m c.t.u.serviceimpl.UserServiceImpl - [36mcom.team2.urbanvoice.serviceimpl.UserServiceImpl.countUsers(70)[0;39m - Counting total number of Users Registered !
2024-03-12 11:43:45.094 [http-nio-9006-exec-4] [39mDEBUG[0;39m c.t.u.s.ComplaintServiceImpl - [36mcom.team2.urbanvoice.serviceimpl.ComplaintServiceImpl.countComplaints(101)[0;39m - Counting total number of Complaints Registered !
2024-03-12 11:43:49.405 [http-nio-9006-exec-2] [39mDEBUG[0;39m c.t.u.serviceimpl.UserServiceImpl - [36mcom.team2.urbanvoice.serviceimpl.UserServiceImpl.countUsers(70)[0;39m - Counting total number of Users Registered !
2024-03-12 11:43:49.405 [http-nio-9006-exec-2] [39mDEBUG[0;39m c.t.u.s.ComplaintServiceImpl - [36mcom.team2.urbanvoice.serviceimpl.ComplaintServiceImpl.countComplaints(101)[0;39m - Counting total number of Complaints Registered !
2024-03-12 11:43:55.581 [http-nio-9006-exec-7] [39mDEBUG[0;39m c.t.u.serviceimpl.UserServiceImpl - [36mcom.team2.urbanvoice.serviceimpl.UserServiceImpl.countUsers(70)[0;39m - Counting total number of Users Registered !
2024-03-12 11:43:55.599 [http-nio-9006-exec-7] [39mDEBUG[0;39m c.t.u.s.ComplaintServiceImpl - [36mcom.team2.urbanvoice.serviceimpl.ComplaintServiceImpl.countComplaints(101)[0;39m - Counting total number of Complaints Registered !
2024-03-12 11:44:07.420 [http-nio-9006-exec-1] [39mDEBUG[0;39m c.t.u.serviceimpl.UserServiceImpl - [36mcom.team2.urbanvoice.serviceimpl.UserServiceImpl.countUsers(70)[0;39m - Counting total number of Users Registered !
2024-03-12 11:44:07.430 [http-nio-9006-exec-1] [39mDEBUG[0;39m c.t.u.s.ComplaintServiceImpl - [36mcom.team2.urbanvoice.serviceimpl.ComplaintServiceImpl.countComplaints(101)[0;39m - Counting total number of Complaints Registered !
2024-03-12 11:44:20.989 [http-nio-9006-exec-10] [39mDEBUG[0;39m c.t.u.serviceimpl.UserServiceImpl - [36mcom.team2.urbanvoice.serviceimpl.UserServiceImpl.countUsers(70)[0;39m - Counting total number of Users Registered !
2024-03-12 11:44:20.995 [http-nio-9006-exec-10] [39mDEBUG[0;39m c.t.u.s.ComplaintServiceImpl - [36mcom.team2.urbanvoice.serviceimpl.ComplaintServiceImpl.countComplaints(101)[0;39m - Counting total number of Complaints Registered !
2024-03-12 11:44:53.400 [http-nio-9006-exec-8] [39mDEBUG[0;39m c.t.u.serviceimpl.UserServiceImpl - [36mcom.team2.urbanvoice.serviceimpl.UserServiceImpl.countUsers(70)[0;39m - Counting total number of Users Registered !
2024-03-12 11:44:53.414 [http-nio-9006-exec-8] [39mDEBUG[0;39m c.t.u.s.ComplaintServiceImpl - [36mcom.team2.urbanvoice.serviceimpl.ComplaintServiceImpl.countComplaints(101)[0;39m - Counting total number of Complaints Registered !
2024-03-12 11:46:17.016 [http-nio-9006-exec-4] [39mDEBUG[0;39m c.t.u.serviceimpl.UserServiceImpl - [36mcom.team2.urbanvoice.serviceimpl.UserServiceImpl.countUsers(70)[0;39m - Counting total number of Users Registered !
2024-03-12 11:46:17.029 [http-nio-9006-exec-4] [39mDEBUG[0;39m c.t.u.s.ComplaintServiceImpl - [36mcom.team2.urbanvoice.serviceimpl.ComplaintServiceImpl.countComplaints(101)[0;39m - Counting total number of Complaints Registered !
2024-03-12 11:46:55.855 [http-nio-9006-exec-7] [39mDEBUG[0;39m c.t.u.serviceimpl.UserServiceImpl - [36mcom.team2.urbanvoice.serviceimpl.UserServiceImpl.countUsers(70)[0;39m - Counting total number of Users Registered !
2024-03-12 11:46:55.861 [http-nio-9006-exec-7] [39mDEBUG[0;39m c.t.u.s.ComplaintServiceImpl - [36mcom.team2.urbanvoice.serviceimpl.ComplaintServiceImpl.countComplaints(101)[0;39m - Counting total number of Complaints Registered !
2024-03-12 11:46:58.678 [http-nio-9006-exec-3] [39mDEBUG[0;39m c.t.u.serviceimpl.UserServiceImpl - [36mcom.team2.urbanvoice.serviceimpl.UserServiceImpl.countUsers(70)[0;39m - Counting total number of Users Registered !
2024-03-12 11:46:58.683 [http-nio-9006-exec-3] [39mDEBUG[0;39m c.t.u.s.ComplaintServiceImpl - [36mcom.team2.urbanvoice.serviceimpl.ComplaintServiceImpl.countComplaints(101)[0;39m - Counting total number of Complaints Registered !
2024-03-12 11:47:42.668 [http-nio-9006-exec-1] [39mDEBUG[0;39m c.t.u.serviceimpl.UserServiceImpl - [36mcom.team2.urbanvoice.serviceimpl.UserServiceImpl.countUsers(70)[0;39m - Counting total number of Users Registered !
2024-03-12 11:47:42.674 [http-nio-9006-exec-1] [39mDEBUG[0;39m c.t.u.s.ComplaintServiceImpl - [36mcom.team2.urbanvoice.serviceimpl.ComplaintServiceImpl.countComplaints(101)[0;39m - Counting total number of Complaints Registered !
2024-03-12 11:47:48.053 [http-nio-9006-exec-6] [39mDEBUG[0;39m c.t.u.serviceimpl.UserServiceImpl - [36mcom.team2.urbanvoice.serviceimpl.UserServiceImpl.countUsers(70)[0;39m - Counting total number of Users Registered !
2024-03-12 11:47:48.072 [http-nio-9006-exec-6] [39mDEBUG[0;39m c.t.u.s.ComplaintServiceImpl - [36mcom.team2.urbanvoice.serviceimpl.ComplaintServiceImpl.countComplaints(101)[0;39m - Counting total number of Complaints Registered !
2024-03-12 11:47:52.159 [http-nio-9006-exec-3] [39mDEBUG[0;39m c.t.u.serviceimpl.UserServiceImpl - [36mcom.team2.urbanvoice.serviceimpl.UserServiceImpl.countUsers(70)[0;39m - Counting total number of Users Registered !
2024-03-12 11:47:52.174 [http-nio-9006-exec-3] [39mDEBUG[0;39m c.t.u.s.ComplaintServiceImpl - [36mcom.team2.urbanvoice.serviceimpl.ComplaintServiceImpl.countComplaints(101)[0;39m - Counting total number of Complaints Registered !
2024-03-12 11:47:55.922 [http-nio-9006-exec-8] [39mDEBUG[0;39m c.t.u.serviceimpl.UserServiceImpl - [36mcom.team2.urbanvoice.serviceimpl.UserServiceImpl.countUsers(70)[0;39m - Counting total number of Users Registered !
2024-03-12 11:47:55.922 [http-nio-9006-exec-8] [39mDEBUG[0;39m c.t.u.s.ComplaintServiceImpl - [36mcom.team2.urbanvoice.serviceimpl.ComplaintServiceImpl.countComplaints(101)[0;39m - Counting total number of Complaints Registered !
2024-03-12 11:48:23.823 [http-nio-9006-exec-5] [39mDEBUG[0;39m c.t.u.serviceimpl.UserServiceImpl - [36mcom.team2.urbanvoice.serviceimpl.UserServiceImpl.countUsers(70)[0;39m - Counting total number of Users Registered !
2024-03-12 11:48:23.829 [http-nio-9006-exec-5] [39mDEBUG[0;39m c.t.u.s.ComplaintServiceImpl - [36mcom.team2.urbanvoice.serviceimpl.ComplaintServiceImpl.countComplaints(101)[0;39m - Counting total number of Complaints Registered !
2024-03-12 11:51:15.675 [http-nio-9006-exec-8] [39mDEBUG[0;39m c.t.u.serviceimpl.UserServiceImpl - [36mcom.team2.urbanvoice.serviceimpl.UserServiceImpl.countUsers(70)[0;39m - Counting total number of Users Registered !
2024-03-12 11:51:15.690 [http-nio-9006-exec-8] [39mDEBUG[0;39m c.t.u.s.ComplaintServiceImpl - [36mcom.team2.urbanvoice.serviceimpl.ComplaintServiceImpl.countComplaints(101)[0;39m - Counting total number of Complaints Registered !
2024-03-12 11:53:53.800 [http-nio-9006-exec-10] [39mDEBUG[0;39m c.t.u.serviceimpl.UserServiceImpl - [36mcom.team2.urbanvoice.serviceimpl.UserServiceImpl.countUsers(70)[0;39m - Counting total number of Users Registered !
2024-03-12 11:53:53.801 [http-nio-9006-exec-10] [39mDEBUG[0;39m c.t.u.s.ComplaintServiceImpl - [36mcom.team2.urbanvoice.serviceimpl.ComplaintServiceImpl.countComplaints(101)[0;39m - Counting total number of Complaints Registered !
2024-03-12 11:55:12.293 [http-nio-9006-exec-8] [39mDEBUG[0;39m c.t.u.serviceimpl.UserServiceImpl - [36mcom.team2.urbanvoice.serviceimpl.UserServiceImpl.countUsers(70)[0;39m - Counting total number of Users Registered !
2024-03-12 11:55:12.302 [http-nio-9006-exec-8] [39mDEBUG[0;39m c.t.u.s.ComplaintServiceImpl - [36mcom.team2.urbanvoice.serviceimpl.ComplaintServiceImpl.countComplaints(101)[0;39m - Counting total number of Complaints Registered !
2024-03-12 11:55:24.498 [http-nio-9006-exec-4] [39mDEBUG[0;39m c.t.u.serviceimpl.UserServiceImpl - [36mcom.team2.urbanvoice.serviceimpl.UserServiceImpl.countUsers(70)[0;39m - Counting total number of Users Registered !
2024-03-12 11:55:24.519 [http-nio-9006-exec-4] [39mDEBUG[0;39m c.t.u.s.ComplaintServiceImpl - [36mcom.team2.urbanvoice.serviceimpl.ComplaintServiceImpl.countComplaints(101)[0;39m - Counting total number of Complaints Registered !
2024-03-12 12:00:06.434 [http-nio-9006-exec-2] [39mDEBUG[0;39m c.t.u.serviceimpl.UserServiceImpl - [36mcom.team2.urbanvoice.serviceimpl.UserServiceImpl.countUsers(70)[0;39m - Counting total number of Users Registered !
2024-03-12 12:00:06.451 [http-nio-9006-exec-2] [39mDEBUG[0;39m c.t.u.s.ComplaintServiceImpl - [36mcom.team2.urbanvoice.serviceimpl.ComplaintServiceImpl.countComplaints(101)[0;39m - Counting total number of Complaints Registered !
2024-03-12 12:00:23.893 [http-nio-9006-exec-9] [39mDEBUG[0;39m c.t.u.serviceimpl.UserServiceImpl - [36mcom.team2.urbanvoice.serviceimpl.UserServiceImpl.countUsers(70)[0;39m - Counting total number of Users Registered !
2024-03-12 12:00:23.905 [http-nio-9006-exec-9] [39mDEBUG[0;39m c.t.u.s.ComplaintServiceImpl - [36mcom.team2.urbanvoice.serviceimpl.ComplaintServiceImpl.countComplaints(101)[0;39m - Counting total number of Complaints Registered !
2024-03-12 12:01:11.454 [http-nio-9006-exec-10] [39mDEBUG[0;39m c.t.u.serviceimpl.UserServiceImpl - [36mcom.team2.urbanvoice.serviceimpl.UserServiceImpl.countUsers(70)[0;39m - Counting total number of Users Registered !
2024-03-12 12:01:11.454 [http-nio-9006-exec-10] [39mDEBUG[0;39m c.t.u.s.ComplaintServiceImpl - [36mcom.team2.urbanvoice.serviceimpl.ComplaintServiceImpl.countComplaints(101)[0;39m - Counting total number of Complaints Registered !
2024-03-12 12:02:42.735 [http-nio-9006-exec-3] [39mDEBUG[0;39m c.t.u.serviceimpl.UserServiceImpl - [36mcom.team2.urbanvoice.serviceimpl.UserServiceImpl.countUsers(70)[0;39m - Counting total number of Users Registered !
2024-03-12 12:02:42.740 [http-nio-9006-exec-3] [39mDEBUG[0;39m c.t.u.s.ComplaintServiceImpl - [36mcom.team2.urbanvoice.serviceimpl.ComplaintServiceImpl.countComplaints(101)[0;39m - Counting total number of Complaints Registered !
2024-03-12 12:03:06.328 [http-nio-9006-exec-1] [39mDEBUG[0;39m c.t.u.serviceimpl.UserServiceImpl - [36mcom.team2.urbanvoice.serviceimpl.UserServiceImpl.countUsers(70)[0;39m - Counting total number of Users Registered !
2024-03-12 12:03:06.328 [http-nio-9006-exec-1] [39mDEBUG[0;39m c.t.u.s.ComplaintServiceImpl - [36mcom.team2.urbanvoice.serviceimpl.ComplaintServiceImpl.countComplaints(101)[0;39m - Counting total number of Complaints Registered !
2024-03-12 12:03:11.401 [http-nio-9006-exec-4] [39mDEBUG[0;39m c.t.u.serviceimpl.UserServiceImpl - [36mcom.team2.urbanvoice.serviceimpl.UserServiceImpl.countUsers(70)[0;39m - Counting total number of Users Registered !
2024-03-12 12:03:11.414 [http-nio-9006-exec-4] [39mDEBUG[0;39m c.t.u.s.ComplaintServiceImpl - [36mcom.team2.urbanvoice.serviceimpl.ComplaintServiceImpl.countComplaints(101)[0;39m - Counting total number of Complaints Registered !
2024-03-12 12:04:35.180 [http-nio-9006-exec-8] [39mDEBUG[0;39m c.t.u.serviceimpl.AdminServiceImpl - [36mcom.team2.urbanvoice.serviceimpl.AdminServiceImpl.findAdminByEmail(39)[0;39m - Retrieving Admin using Email: hegdeaj21@gmail.com
2024-03-12 12:04:35.493 [http-nio-9006-exec-8] [39mDEBUG[0;39m c.t.u.s.ComplaintServiceImpl - [36mcom.team2.urbanvoice.serviceimpl.ComplaintServiceImpl.getAllComplaints(48)[0;39m - Retrieving all the Complaints registered !
2024-03-12 12:04:48.485 [http-nio-9006-exec-4] [39mDEBUG[0;39m c.t.u.serviceimpl.AdminServiceImpl - [36mcom.team2.urbanvoice.serviceimpl.AdminServiceImpl.findAdminByEmail(39)[0;39m - Retrieving Admin using Email: hegdeaj21@gmail.com
2024-03-12 12:04:48.503 [http-nio-9006-exec-4] [39mDEBUG[0;39m c.t.u.serviceimpl.OfficerServiceImpl - [36mcom.team2.urbanvoice.serviceimpl.OfficerServiceImpl.getAllOfficers(72)[0;39m - Retrieving all the Officers Created !
2024-03-12 12:04:52.230 [http-nio-9006-exec-5] [39mDEBUG[0;39m c.t.u.serviceimpl.AdminServiceImpl - [36mcom.team2.urbanvoice.serviceimpl.AdminServiceImpl.findAdminByEmail(39)[0;39m - Retrieving Admin using Email: hegdeaj21@gmail.com
2024-03-12 12:04:52.246 [http-nio-9006-exec-5] [39mDEBUG[0;39m c.t.u.s.ComplaintServiceImpl - [36mcom.team2.urbanvoice.serviceimpl.ComplaintServiceImpl.getAllComplaints(48)[0;39m - Retrieving all the Complaints registered !
2024-03-12 12:07:41.429 [http-nio-9006-exec-10] [39mDEBUG[0;39m c.t.u.serviceimpl.UserServiceImpl - [36mcom.team2.urbanvoice.serviceimpl.UserServiceImpl.findUserByEmail(55)[0;39m - Retrieving User by Email: krithic10@gmail.com
2024-03-12 12:07:41.474 [http-nio-9006-exec-10] [39mDEBUG[0;39m c.t.u.serviceimpl.UserServiceImpl - [36mcom.team2.urbanvoice.serviceimpl.UserServiceImpl.findUserByEmail(55)[0;39m - Retrieving User by Email: krithic10@gmail.com
2024-03-12 12:07:41.477 [http-nio-9006-exec-10] [39mDEBUG[0;39m c.t.u.s.ComplaintServiceImpl - [36mcom.team2.urbanvoice.serviceimpl.ComplaintServiceImpl.getComplaintsByUser(94)[0;39m - Getting Complaints of a User Krithic
2024-03-12 12:07:43.696 [http-nio-9006-exec-9] [39mDEBUG[0;39m c.t.u.serviceimpl.UserServiceImpl - [36mcom.team2.urbanvoice.serviceimpl.UserServiceImpl.findUserByEmail(55)[0;39m - Retrieving User by Email: krithic10@gmail.com
2024-03-12 12:07:43.720 [http-nio-9006-exec-9] [39mDEBUG[0;39m c.t.u.serviceimpl.UserServiceImpl - [36mcom.team2.urbanvoice.serviceimpl.UserServiceImpl.findUserByEmail(55)[0;39m - Retrieving User by Email: krithic10@gmail.com
2024-03-12 12:07:43.737 [http-nio-9006-exec-9] [39mDEBUG[0;39m c.t.u.s.ComplaintServiceImpl - [36mcom.team2.urbanvoice.serviceimpl.ComplaintServiceImpl.getComplaintsByUser(94)[0;39m - Getting Complaints of a User Krithic
2024-03-12 12:07:46.268 [http-nio-9006-exec-5] [39mDEBUG[0;39m c.t.u.serviceimpl.UserServiceImpl - [36mcom.team2.urbanvoice.serviceimpl.UserServiceImpl.findUserByEmail(55)[0;39m - Retrieving User by Email: krithic10@gmail.com
2024-03-12 12:07:46.296 [http-nio-9006-exec-5] [39mDEBUG[0;39m c.t.u.serviceimpl.UserServiceImpl - [36mcom.team2.urbanvoice.serviceimpl.UserServiceImpl.findUserByEmail(55)[0;39m - Retrieving User by Email: krithic10@gmail.com
2024-03-12 12:07:46.296 [http-nio-9006-exec-5] [39mDEBUG[0;39m c.t.u.s.ComplaintServiceImpl - [36mcom.team2.urbanvoice.serviceimpl.ComplaintServiceImpl.getComplaintsByUser(94)[0;39m - Getting Complaints of a User Krithic
2024-03-12 12:07:49.557 [http-nio-9006-exec-7] [39mDEBUG[0;39m c.t.u.serviceimpl.UserServiceImpl - [36mcom.team2.urbanvoice.serviceimpl.UserServiceImpl.findUserByEmail(55)[0;39m - Retrieving User by Email: krithic10@gmail.com
2024-03-12 12:07:52.865 [http-nio-9006-exec-3] [39mDEBUG[0;39m c.t.u.serviceimpl.UserServiceImpl - [36mcom.team2.urbanvoice.serviceimpl.UserServiceImpl.findUserByEmail(55)[0;39m - Retrieving User by Email: krithic10@gmail.com
2024-03-12 12:07:52.886 [http-nio-9006-exec-3] [39mDEBUG[0;39m c.t.u.serviceimpl.UserServiceImpl - [36mcom.team2.urbanvoice.serviceimpl.UserServiceImpl.findUserByEmail(55)[0;39m - Retrieving User by Email: krithic10@gmail.com
2024-03-12 12:07:52.886 [http-nio-9006-exec-3] [39mDEBUG[0;39m c.t.u.s.ComplaintServiceImpl - [36mcom.team2.urbanvoice.serviceimpl.ComplaintServiceImpl.getComplaintsByUser(94)[0;39m - Getting Complaints of a User Krithic
2024-03-12 12:07:54.598 [http-nio-9006-exec-4] [39mDEBUG[0;39m c.t.u.serviceimpl.UserServiceImpl - [36mcom.team2.urbanvoice.serviceimpl.UserServiceImpl.findUserByEmail(55)[0;39m - Retrieving User by Email: krithic10@gmail.com
2024-03-12 12:07:54.627 [http-nio-9006-exec-4] [39mDEBUG[0;39m c.t.u.s.JurisdictionServiceImpl - [36mcom.team2.urbanvoice.serviceimpl.JurisdictionServiceImpl.getDistinctArea(122)[0;39m - Getting Distinct Areas from Jurisdictions !
2024-03-12 12:08:04.074 [http-nio-9006-exec-7] [39mDEBUG[0;39m c.t.u.serviceimpl.UserServiceImpl - [36mcom.team2.urbanvoice.serviceimpl.UserServiceImpl.findUserByEmail(55)[0;39m - Retrieving User by Email: krithic10@gmail.com
2024-03-12 12:08:04.092 [http-nio-9006-exec-7] [39mDEBUG[0;39m c.t.u.serviceimpl.UserServiceImpl - [36mcom.team2.urbanvoice.serviceimpl.UserServiceImpl.findUserByEmail(55)[0;39m - Retrieving User by Email: krithic10@gmail.com
2024-03-12 12:08:04.092 [http-nio-9006-exec-7] [39mDEBUG[0;39m c.t.u.s.ComplaintServiceImpl - [36mcom.team2.urbanvoice.serviceimpl.ComplaintServiceImpl.getComplaintsByUser(94)[0;39m - Getting Complaints of a User Krithic
2024-03-12 12:08:06.081 [http-nio-9006-exec-10] [39mDEBUG[0;39m c.t.u.serviceimpl.UserServiceImpl - [36mcom.team2.urbanvoice.serviceimpl.UserServiceImpl.findUserByEmail(55)[0;39m - Retrieving User by Email: krithic10@gmail.com
2024-03-12 12:08:06.098 [http-nio-9006-exec-10] [39mDEBUG[0;39m c.t.u.s.ComplaintServiceImpl - [36mcom.team2.urbanvoice.serviceimpl.ComplaintServiceImpl.getComplaint(41)[0;39m - Retrieving Complaint with Id 5 !
2024-03-12 12:08:08.267 [http-nio-9006-exec-9] [39mDEBUG[0;39m c.t.u.serviceimpl.UserServiceImpl - [36mcom.team2.urbanvoice.serviceimpl.UserServiceImpl.findUserByEmail(55)[0;39m - Retrieving User by Email: krithic10@gmail.com
2024-03-12 12:08:08.290 [http-nio-9006-exec-9] [39mDEBUG[0;39m c.t.u.serviceimpl.UserServiceImpl - [36mcom.team2.urbanvoice.serviceimpl.UserServiceImpl.findUserByEmail(55)[0;39m - Retrieving User by Email: krithic10@gmail.com
2024-03-12 12:08:08.290 [http-nio-9006-exec-9] [39mDEBUG[0;39m c.t.u.s.ComplaintServiceImpl - [36mcom.team2.urbanvoice.serviceimpl.ComplaintServiceImpl.getComplaintsByUser(94)[0;39m - Getting Complaints of a User Krithic
